**********************
Windows PowerShell transcript start
Start time: 20260201213916
Username: LORD-CHUNGUS\micha
RunAs User: LORD-CHUNGUS\micha
Configuration Name: 
Machine: LORD-CHUNGUS (Microsoft Windows NT 10.0.26200.0)
Host Application: C:\WINDOWS\System32\WindowsPowerShell\v1.0\powershell.exe
Process ID: 35564
PSVersion: 5.1.26100.7627
PSEdition: Desktop
PSCompatibleVersions: 1.0, 2.0, 3.0, 4.0, 5.0, 5.1.26100.7627
BuildVersion: 10.0.26100.7627
CLRVersion: 4.0.30319.42000
WSManStackVersion: 3.0
PSRemotingProtocolVersion: 2.3
SerializationVersion: 1.1.0.1
**********************
Transcript started, output file is C:\Users\micha\OneDrive\Desktop\Investment-Project\market_app\bootstrap_run.log
PS C:\Users\micha\OneDrive\Desktop\Investment-Project\market_app> try {
  .\scripts\bootstrap.ps1
}
finally {
  Stop-Transcript
  Write-Host "`n[ok] Log saved to: $log"
  Read-Host "Press Enter to close"
}
PS C:\Users\micha\OneDrive\Desktop\Investment-Project\market_app> TerminatingError(py.exe): "The running command stopped because the preference variable "ErrorActionPreference" or common parameter is set to Stop: No suitable Python runtime found"
>> TerminatingError(py.exe): "The running command stopped because the preference variable "ErrorActionPreference" or common parameter is set to Stop: No suitable Python runtime found"
[error] No suitable Python runtime found
**********************
Windows PowerShell transcript end
End time: 20260201213916
**********************
