**********************
Windows PowerShell transcript start
Start time: 20260201214142
Username: LORD-CHUNGUS\micha
RunAs User: LORD-CHUNGUS\micha
Configuration Name: 
Machine: LORD-CHUNGUS (Microsoft Windows NT 10.0.26200.0)
Host Application: C:\WINDOWS\System32\WindowsPowerShell\v1.0\powershell.exe
Process ID: 35564
PSVersion: 5.1.26100.7627
PSEdition: Desktop
PSCompatibleVersions: 1.0, 2.0, 3.0, 4.0, 5.0, 5.1.26100.7627
BuildVersion: 10.0.26100.7627
CLRVersion: 4.0.30319.42000
WSManStackVersion: 3.0
PSRemotingProtocolVersion: 2.3
SerializationVersion: 1.1.0.1
**********************
Transcript started, output file is C:\Users\micha\OneDrive\Desktop\Investment-Project\market_app\manual_bootstrap_312.log
PS C:\Users\micha\OneDrive\Desktop\Investment-Project\market_app> try {
  Write-Host "[info] Using Python 3.12 via py launcher..."
  py -3.12 -c "import sys; print(sys.executable); print(sys.version)"

  Write-Host "[info] Removing existing venv..."
  Remove-Item -Recurse -Force .\.venv -ErrorAction SilentlyContinue

  Write-Host "[info] Creating venv with Python 3.12..."
  py -3.12 -m venv .venv

  $py = ".\.venv\Scripts\python.exe"

  Write-Host "[info] Upgrading pip..."
  & $py -m pip install -U pip

  Write-Host "[info] Installing repo editable (try dev extras, fallback to base)..."
  & $py -m pip install -e ".[dev]"
  if ($LASTEXITCODE -ne 0) { & $py -m pip install -e . }

  Write-Host "[info] Forcing wheels-only reinstall of numpy+pandas..."
  & $py -m pip install --only-binary=:all: --prefer-binary --force-reinstall --no-cache-dir numpy pandas

  Write-Host "[info] Verifying numpy/pandas imports..."
  & $py -c "import numpy as np, pandas as pd; print('numpy', np.__version__); print('pandas', pd.__version__)"

  Write-Host "[info] Running env_doctor self-test..."
  & $py -m market_monitor.env_doctor --self-test

  # ---- Corpus audit ----
  $env:MARKET_APP_GDELT_RAW_DIR = "C:\Users\micha\OneDrive\Desktop\NLP Corpus"
  $env:MARKET_APP_GDELT_DIR     = "C:\Users\micha\OneDrive\Desktop\NLP Corpus\_normalized"

  Write-Host "[info] Running GDELT corpus audit..."
  & $py -m market_monitor.gdelt.doctor audit --raw-dir "$env:MARKET_APP_GDELT_RAW_DIR" --glob "*.csv"

  Write-Host "[done] ExitCode=$LASTEXITCODE"
}
finally {
  Stop-Transcript
  Write-Host "`n[ok] Log saved to: $log"
  Read-Host "Press Enter to close"
}
[info] Using Python 3.12 via py launcher...
C:\Users\micha\AppData\Local\Programs\Python\Python312\python.exe
3.12.10 (tags/v3.12.10:0cc8128, Apr  8 2025, 12:21:36) [MSC v.1943 64 bit (AMD64)]
[info] Removing existing venv...
[info] Creating venv with Python 3.12...

[info] Upgrading pip...
    Found existing installation: pip 25.0.1
    Uninstalling pip-25.0.1:
      Successfully uninstalled pip-25.0.1
Successfully installed pip-26.0
[info] Installing repo editable (try dev extras, fallback to base)...
Building wheels for collected packages: market-app
  Building editable for market-app (pyproject.toml) ... done
  Created wheel for market-app: filename=market_app-0.1.0-0.editable-py3-none-any.whl size=7231 sha256=d34bb726e86d3a636abfd1a9999aec7f2a29b707e5103680185d6f2b891eeb2f
  Stored in directory: C:\Users\micha\AppData\Local\Temp\pip-ephem-wheel-cache-zsjox6ib\wheels\ea\da\a1\adbe358342c7e315a27f42ce1101126ad967fc3160fc18b45b
Successfully built market-app
Installing collected packages: pytz, distlib, urllib3, tzdata, typing-extensions, types-python-dateutil, tomli, threadpoolctl, stevedore, six, ruff, PyYAML, pyparsing, pygments, pluggy, platformdirs, pi
llow, pathspec, packaging, numpy, nodeenv, mypy-extensions, mdurl, market-app, kiwisolver, joblib, iniconfig, idna, identify, fonttools, filelock, cycler, colorama, charset-normalizer, cfgv, certifi, vi
rtualenv, types-requests, scipy, requests, python-dateutil, pytest, pyarrow, mypy, markdown-it-py, contourpy, click, scikit-learn, rich, pre-commit, pandas, matplotlib, black, bandit
Successfully installed PyYAML-6.0.2 bandit-1.7.9 black-24.10.0 certifi-2026.1.4 cfgv-3.5.0 charset-normalizer-3.4.4 click-8.3.1 colorama-0.4.6 contourpy-1.3.3 cycler-0.12.1 distlib-0.4.0 filelock-3.20.3
 fonttools-4.61.1 identify-2.6.16 idna-3.11 iniconfig-2.3.0 joblib-1.5.3 kiwisolver-1.4.9 markdown-it-py-4.0.0 market-app-0.1.0 matplotlib-3.9.2 mdurl-0.1.2 mypy-1.12.1 mypy-extensions-1.1.0 nodeenv-1.1
0.0 numpy-2.1.3 packaging-26.0 pandas-2.2.3 pathspec-1.0.4 pillow-12.1.0 platformdirs-4.5.1 pluggy-1.6.0 pre-commit-3.8.0 pyarrow-17.0.0 pygments-2.19.2 pyparsing-3.3.2 pytest-8.3.4 python-dateutil-2.9.
0.post0 pytz-2025.2 requests-2.32.3 rich-14.3.2 ruff-0.7.3 scikit-learn-1.5.2 scipy-1.17.0 six-1.17.0 stevedore-5.6.0 threadpoolctl-3.6.0 tomli-2.0.1 types-python-dateutil-2.9.0.20241003 types-requests-
2.32.0.20240914 typing-extensions-4.15.0 tzdata-2025.3 urllib3-2.6.3 virtualenv-20.36.1
[info] Forcing wheels-only reinstall of numpy+pandas...
Collecting numpy
  Downloading numpy-2.4.2-cp312-cp312-win_amd64.whl.metadata (6.6 kB)
Collecting pandas
  Downloading pandas-3.0.0-cp312-cp312-win_amd64.whl.metadata (19 kB)
Collecting python-dateutil>=2.8.2 (from pandas)
  Downloading python_dateutil-2.9.0.post0-py2.py3-none-any.whl.metadata (8.4 kB)
Collecting tzdata (from pandas)
  Downloading tzdata-2025.3-py2.py3-none-any.whl.metadata (1.4 kB)
Collecting six>=1.5 (from python-dateutil>=2.8.2->pandas)
  Downloading six-1.17.0-py2.py3-none-any.whl.metadata (1.7 kB)
Downloading numpy-2.4.2-cp312-cp312-win_amd64.whl (12.3 MB)
   ━━━━━━━━━━━━━━━━━━━━━━━━━━━━━━━━━━━━━━━━ 12.3/12.3 MB 55.3 MB/s  0:00:00
Downloading pandas-3.0.0-cp312-cp312-win_amd64.whl (9.7 MB)
   ━━━━━━━━━━━━━━━━━━━━━━━━━━━━━━━━━━━━━━━━ 9.7/9.7 MB 100.7 MB/s  0:00:00
Downloading python_dateutil-2.9.0.post0-py2.py3-none-any.whl (229 kB)
Downloading six-1.17.0-py2.py3-none-any.whl (11 kB)
Downloading tzdata-2025.3-py2.py3-none-any.whl (348 kB)
Installing collected packages: tzdata, six, numpy, python-dateutil, pandas
  Attempting uninstall: tzdata
    Found existing installation: tzdata 2025.3
    Uninstalling tzdata-2025.3:
      Successfully uninstalled tzdata-2025.3
  Attempting uninstall: six
    Found existing installation: six 1.17.0
    Uninstalling six-1.17.0:
      Successfully uninstalled six-1.17.0
  Attempting uninstall: numpy
    Found existing installation: numpy 2.1.3
    Uninstalling numpy-2.1.3:
      Successfully uninstalled numpy-2.1.3
  Attempting uninstall: python-dateutil
    Found existing installation: python-dateutil 2.9.0.post0
    Uninstalling python-dateutil-2.9.0.post0:
      Successfully uninstalled python-dateutil-2.9.0.post0
  Attempting uninstall: pandas
    Found existing installation: pandas 2.2.3
    Uninstalling pandas-2.2.3:
      Successfully uninstalled pandas-2.2.3
Successfully installed numpy-2.4.2 pandas-3.0.0 python-dateutil-2.9.0.post0 six-1.17.0 tzdata-2025.3
[info] Verifying numpy/pandas imports...
numpy 2.4.2
pandas 3.0.0
[info] Running env_doctor self-test...
[env] pandas: OK
[info] Running GDELT corpus audit...

[done] ExitCode=0
**********************
Windows PowerShell transcript end
End time: 20260201214243
**********************
